<?xml version="1.0" encoding="UTF-8"?>
<!-- Generated by org.testng.reporters.JUnitReportReporter -->
<testsuite hostname="Ravi-Ranjan-PC" failures="0" tests="1" name="testCases.TC002_LoginVerification" time="2.420" errors="0" timestamp="2025-02-10T13:33:36 IST" skipped="0">
  <testcase classname="testCases.TC002_LoginVerification" name="loginVerification" time="2.420"/>
</testsuite> <!-- testCases.TC002_LoginVerification -->
