<?xml version="1.0" encoding="UTF-8"?>
<!-- Generated by org.testng.reporters.JUnitReportReporter -->
<testsuite hostname="Ravi-Ranjan-PC" failures="0" tests="1" name="testCases.TC002_LoginVerification" time="3.350" errors="0" timestamp="2025-02-13T07:03:11 IST" skipped="0">
  <testcase classname="testCases.TC002_LoginVerification" name="loginVerification" time="3.350"/>
</testsuite> <!-- testCases.TC002_LoginVerification -->
