<?xml version="1.0" encoding="UTF-8"?>
<!-- Generated by org.testng.reporters.JUnitReportReporter -->
<testsuite hostname="Ravi-Ranjan-PC" failures="0" tests="4" name="testCases.TC003_LoginDDT" time="16.185" errors="0" timestamp="2025-02-13T07:03:11 IST" skipped="0">
  <testcase classname="testCases.TC003_LoginDDT" name="verify_loginDDT" time="5.208"/>
  <testcase classname="testCases.TC003_LoginDDT" name="verify_loginDDT" time="3.374"/>
  <testcase classname="testCases.TC003_LoginDDT" name="verify_loginDDT" time="2.954"/>
  <testcase classname="testCases.TC003_LoginDDT" name="verify_loginDDT" time="4.649"/>
</testsuite> <!-- testCases.TC003_LoginDDT -->
