<?xml version="1.0" encoding="UTF-8"?>
<!-- Generated by org.testng.reporters.JUnitReportReporter -->
<testsuite hostname="Ravi-Ranjan-PC" failures="0" tests="1" name="testCases.TC001_AccountRegistrationTest" time="5.417" errors="0" timestamp="2025-02-13T07:08:08 IST" skipped="0">
  <testcase classname="testCases.TC001_AccountRegistrationTest" name="verifyAccountRegistration" time="5.417"/>
</testsuite> <!-- testCases.TC001_AccountRegistrationTest -->
