<?xml version="1.0" encoding="UTF-8"?>
<!-- Generated by org.testng.reporters.JUnitReportReporter -->
<testsuite hostname="Ravi-Ranjan-PC" failures="0" tests="4" name="testCases.TC003_LoginDDT" time="15.043" errors="0" timestamp="2025-02-13T07:08:08 IST" skipped="0">
  <testcase classname="testCases.TC003_LoginDDT" name="verify_loginDDT" time="3.433"/>
  <testcase classname="testCases.TC003_LoginDDT" name="verify_loginDDT" time="4.129"/>
  <testcase classname="testCases.TC003_LoginDDT" name="verify_loginDDT" time="3.043"/>
  <testcase classname="testCases.TC003_LoginDDT" name="verify_loginDDT" time="4.438"/>
</testsuite> <!-- testCases.TC003_LoginDDT -->
