<?xml version="1.0" encoding="UTF-8"?>
<!-- Generated by org.testng.reporters.JUnitReportReporter -->
<testsuite hostname="Ravi-Ranjan-PC" failures="0" tests="4" name="testCases.TC003_LoginDDT" time="15.592" errors="0" timestamp="2025-02-06T21:39:08 IST" skipped="0">
  <testcase classname="testCases.TC003_LoginDDT" name="verify_loginDDT" time="4.015"/>
  <testcase classname="testCases.TC003_LoginDDT" name="verify_loginDDT" time="2.581"/>
  <testcase classname="testCases.TC003_LoginDDT" name="verify_loginDDT" time="4.167"/>
  <testcase classname="testCases.TC003_LoginDDT" name="verify_loginDDT" time="4.829"/>
</testsuite> <!-- testCases.TC003_LoginDDT -->
